<?xml version="1.0" encoding="UTF-8"?>
<!-- Generated by org.testng.reporters.JUnitReportReporter -->
<testsuite hostname="meedo74-ThinkPad-X230" failures="0" tests="1" name="testcases.T01_login" time="2.253" errors="0" timestamp="2024-01-21T18:47:56 EET" skipped="0">
  <testcase classname="testcases.T01_login" name="login_with_valid_data" time="2.253"/>
  <system-out/>
</testsuite> <!-- testcases.T01_login -->
