<?xml version="1.0" encoding="UTF-8"?>
<!-- Generated by org.testng.reporters.JUnitReportReporter -->
<testsuite hostname="meedo74-ThinkPad-X230" failures="0" tests="1" name="testcases.T05_reset_button" time="1.844" errors="0" timestamp="2024-01-22T00:09:02 EET" skipped="0">
  <testcase classname="testcases.T05_reset_button" name="reset_cart" time="1.844"/>
  <system-out/>
</testsuite> <!-- testcases.T05_reset_button -->
